<?xml version="1.0" encoding="UTF-8"?>
<!-- Generated by org.testng.reporters.JUnitXMLReporter -->
<testsuite ignored="1" hostname="MyAlienWare" failures="0" tests="2" name="Default test" time="46.629" errors="0" timestamp="11 Nov 2022 23:14:29 GMT">
  <testcase classname="testCases.E2E_SmokeSet" name="TC003_Search" time="14.385"/>
  <testcase classname="testCases.E2E_SmokeSet" name="TC001_SuccessfulOrder" time="18.85"/>
  <testcase classname="testCases.E2E_SmokeSet" name="TC001_ViewOrder" time="0.0">
    <ignored/>
  </testcase> <!-- TC001_ViewOrder -->
</testsuite> <!-- Default test -->
