<?xml version="1.0" encoding="UTF-8"?>
<!-- Generated by org.testng.reporters.JUnitXMLReporter -->
<testsuite ignored="1" hostname="MyAlienWare" failures="2" tests="2" name="Test123" time="0.464" errors="0" timestamp="24 Oct 2022 00:23:09 GMT">
  <testcase classname="testCases.E2E_SmokeSet" name="TC003_Search" time="0.031">
    <failure type="java.lang.NullPointerException" message="Cannot invoke &amp;quot;org.openqa.selenium.WebDriver.findElement(org.openqa.selenium.By)&amp;quot; because &amp;quot;pageObjects.HomePage.driver&amp;quot; is null">
      <![CDATA[java.lang.NullPointerException: Cannot invoke "org.openqa.selenium.WebDriver.findElement(org.openqa.selenium.By)" because "pageObjects.HomePage.driver" is null
	at pageObjects.HomePage.searchCheckBox(HomePage.java:36)
	at testCases.E2E_SmokeSet.TC003_Search(E2E_SmokeSet.java:127)
... Removed 23 stack frames]]>
    </failure>
  </testcase> <!-- TC003_Search -->
  <testcase classname="testCases.E2E_SmokeSet" name="TC001_SuccessfulOrder" time="0.005">
    <failure type="java.lang.NullPointerException" message="Cannot invoke &amp;quot;org.openqa.selenium.WebDriver.findElement(org.openqa.selenium.By)&amp;quot; because &amp;quot;pageObjects.HomePage.driver&amp;quot; is null">
      <![CDATA[java.lang.NullPointerException: Cannot invoke "org.openqa.selenium.WebDriver.findElement(org.openqa.selenium.By)" because "pageObjects.HomePage.driver" is null
	at pageObjects.HomePage.AddToCart(HomePage.java:80)
	at testCases.E2E_SmokeSet.TC001_SuccessfulOrder(E2E_SmokeSet.java:57)
... Removed 23 stack frames]]>
    </failure>
  </testcase> <!-- TC001_SuccessfulOrder -->
  <testcase classname="testCases.E2E_SmokeSet" name="TC001_ViewOrder" time="0.0">
    <ignored/>
  </testcase> <!-- TC001_ViewOrder -->
</testsuite> <!-- Test123 -->
